<?xml version="1.0" encoding="UTF-8"?>
<!-- Generated by org.testng.reporters.JUnitXMLReporter -->
<testsuite ignored="0" hostname="Sakee" failures="1" tests="1" name="Test" time="3.169" errors="0" timestamp="2024-12-13T23:26:43 IST">
  <testcase classname="com.sample.Sample2" name="testCase" time="3.131">
    <failure type="java.lang.AssertionError" message="expected [Facebook – log in or sign up] but found [Facebook â€“ log in or sign up]">
      <![CDATA[java.lang.AssertionError: expected [Facebook – log in or sign up] but found [Facebook â€“ log in or sign up]
at com.sample.Sample2.testCase(Sample2.java:20)
at java.base/java.util.ArrayList.forEach(ArrayList.java:1511)
... Removed 37 stack frames]]>
    </failure>
  </testcase> <!-- testCase -->
</testsuite> <!-- Test -->
