<?xml version="1.0" encoding="UTF-8"?>
<testng-results ignored="0" total="1" passed="1" failed="0" skipped="0">
  <reporter-output>
  </reporter-output>
  <suite started-at="2024-12-13T23:26:00 IST" name="Default suite" finished-at="2024-12-13T23:26:04 IST" duration-ms="3550">
    <groups>
    </groups>
    <test started-at="2024-12-13T23:26:00 IST" name="Default test" finished-at="2024-12-13T23:26:04 IST" duration-ms="3550">
      <class name="com.sample.Sample2">
        <test-method signature="testCase()[pri:0, instance:com.sample.Sample2@74e28667]" started-at="2024-12-13T23:26:00 IST" name="testCase" finished-at="2024-12-13T23:26:04 IST" duration-ms="3506" status="PASS">
          <reporter-output>
          </reporter-output>
        </test-method> <!-- testCase -->
      </class> <!-- com.sample.Sample2 -->
    </test> <!-- Default test -->
  </suite> <!-- Default suite -->
</testng-results>
